[debug] [2022-11-02T21:22:37.807Z] ----------------------------------------------------------------------
[debug] [2022-11-02T21:22:37.809Z] Command:       C:\Program Files\nodejs\node.exe C:\Users\Administrator\AppData\Roaming\npm\node_modules\firebase-tools\lib\bin\firebase.js init
[debug] [2022-11-02T21:22:37.810Z] CLI Version:   11.16.0
[debug] [2022-11-02T21:22:37.810Z] Platform:      win32
[debug] [2022-11-02T21:22:37.810Z] Node Version:  v19.0.0
[debug] [2022-11-02T21:22:37.810Z] Time:          Wed Nov 02 2022 14:22:37 GMT-0700 (Pacific Daylight Time)
[debug] [2022-11-02T21:22:37.810Z] ----------------------------------------------------------------------
[debug] 
[debug] [2022-11-02T21:22:37.817Z] > command requires scopes: ["email","openid","https://www.googleapis.com/auth/cloudplatformprojects.readonly","https://www.googleapis.com/auth/firebase","https://www.googleapis.com/auth/cloud-platform"]
[debug] [2022-11-02T21:22:37.817Z] > authorizing via signed-in user (abanoub2016@gmail.com)
[info] 
     ######## #### ########  ######## ########     ###     ######  ########
     ##        ##  ##     ## ##       ##     ##  ##   ##  ##       ##
     ######    ##  ########  ######   ########  #########  ######  ######
     ##        ##  ##    ##  ##       ##     ## ##     ##       ## ##
     ##       #### ##     ## ######## ########  ##     ##  ######  ########

You're about to initialize a Firebase project in this directory:

  D:\Documents\Web\themeforest-IuA9isIo-wedding-invitation-couple-event-and-celebration-html-template\New folder\Abanoub & Kermina Website

[info] 
=== Project Setup
[info] 
[info] First, let's associate this project directory with a Firebase project.
[info] You can create multiple project aliases by running firebase use --add, 
[info] but for now we'll just set up a default project.
[info] 
[info] i  If you want to create a project in a Google Cloud organization or folder, please use "firebase projects:create" instead, and return to this command when you've created the project. 
[debug] [2022-11-02T21:23:27.454Z] > refreshing access token with scopes: []
[debug] [2022-11-02T21:23:27.456Z] >>> [apiv2][query] POST https://www.googleapis.com/oauth2/v3/token [none]
[debug] [2022-11-02T21:23:27.457Z] >>> [apiv2][body] POST https://www.googleapis.com/oauth2/v3/token [omitted]
[debug] [2022-11-02T21:23:27.665Z] <<< [apiv2][status] POST https://www.googleapis.com/oauth2/v3/token 200
[debug] [2022-11-02T21:23:27.665Z] <<< [apiv2][body] POST https://www.googleapis.com/oauth2/v3/token [omitted]
[debug] [2022-11-02T21:23:27.677Z] >>> [apiv2][query] POST https://cloudresourcemanager.googleapis.com/v1/projects [none]
[debug] [2022-11-02T21:23:27.677Z] >>> [apiv2][body] POST https://cloudresourcemanager.googleapis.com/v1/projects {"projectId":"Nooba & Koky","name":"Nooba & Koky"}
[debug] [2022-11-02T21:23:28.042Z] <<< [apiv2][status] POST https://cloudresourcemanager.googleapis.com/v1/projects 400
[debug] [2022-11-02T21:23:28.042Z] <<< [apiv2][body] POST https://cloudresourcemanager.googleapis.com/v1/projects {"error":{"code":400,"message":"Request contains an invalid argument.","status":"INVALID_ARGUMENT","details":[{"@type":"type.googleapis.com/google.rpc.BadRequest","fieldViolations":[{"field":"project_id","description":"project_id contains invalid characters"},{"field":"display_name","description":"project display name contains invalid characters"}]},{"@type":"type.googleapis.com/google.rpc.Help","links":[{"url":"https://cloud.google.com/resource-manager/reference/rest/v1/projects"}]}]}}
[debug] [2022-11-02T21:23:28.148Z] FirebaseError: HTTP Error: 400, Request contains an invalid argument.
    at responseToError (C:\Users\Administrator\AppData\Roaming\npm\node_modules\firebase-tools\lib\responseToError.js:49:12)
    at RetryOperation._fn (C:\Users\Administrator\AppData\Roaming\npm\node_modules\firebase-tools\lib\apiv2.js:288:77)
    at process.processTicksAndRejections (node:internal/process/task_queues:95:5)
[error] 
[error] Error: Failed to create project. See firebase-debug.log for more info.
[debug] [2022-11-02T21:23:35.909Z] ----------------------------------------------------------------------
[debug] [2022-11-02T21:23:35.912Z] Command:       C:\Program Files\nodejs\node.exe C:\Users\Administrator\AppData\Roaming\npm\node_modules\firebase-tools\lib\bin\firebase.js init
[debug] [2022-11-02T21:23:35.912Z] CLI Version:   11.16.0
[debug] [2022-11-02T21:23:35.912Z] Platform:      win32
[debug] [2022-11-02T21:23:35.913Z] Node Version:  v19.0.0
[debug] [2022-11-02T21:23:35.913Z] Time:          Wed Nov 02 2022 14:23:35 GMT-0700 (Pacific Daylight Time)
[debug] [2022-11-02T21:23:35.913Z] ----------------------------------------------------------------------
[debug] 
[debug] [2022-11-02T21:23:35.919Z] > command requires scopes: ["email","openid","https://www.googleapis.com/auth/cloudplatformprojects.readonly","https://www.googleapis.com/auth/firebase","https://www.googleapis.com/auth/cloud-platform"]
[debug] [2022-11-02T21:23:35.920Z] > authorizing via signed-in user (abanoub2016@gmail.com)
[info] 
     ######## #### ########  ######## ########     ###     ######  ########
     ##        ##  ##     ## ##       ##     ##  ##   ##  ##       ##
     ######    ##  ########  ######   ########  #########  ######  ######
     ##        ##  ##    ##  ##       ##     ## ##     ##       ## ##
     ##       #### ##     ## ######## ########  ##     ##  ######  ########

You're about to initialize a Firebase project in this directory:

  D:\Documents\Web\themeforest-IuA9isIo-wedding-invitation-couple-event-and-celebration-html-template\New folder\Abanoub & Kermina Website

[info] 
=== Project Setup
[info] 
[info] First, let's associate this project directory with a Firebase project.
[info] You can create multiple project aliases by running firebase use --add, 
[info] but for now we'll just set up a default project.
[info] 
[debug] [2022-11-02T21:23:55.677Z] >>> [apiv2][query] GET https://firebase.googleapis.com/v1beta1/projects pageSize=100
[debug] [2022-11-02T21:23:56.325Z] <<< [apiv2][status] GET https://firebase.googleapis.com/v1beta1/projects 200
[debug] [2022-11-02T21:23:56.325Z] <<< [apiv2][body] GET https://firebase.googleapis.com/v1beta1/projects [omitted]
[info] i  Using project abanoub-and-kermina (Abanoub and Kermina) 
[info] 
=== Hosting Setup
[info] 
[info] Your public directory is the folder (relative to your project directory) that
[info] will contain Hosting assets to be uploaded with firebase deploy. If you
[info] have a build process for your assets, use your build's output directory.
[info] 
[debug] [2022-11-02T21:24:34.054Z] >>> [apiv2][query] GET https://www.gstatic.com/firebasejs/releases.json [none]
[debug] [2022-11-02T21:24:34.167Z] <<< [apiv2][status] GET https://www.gstatic.com/firebasejs/releases.json 200
[debug] [2022-11-02T21:24:34.167Z] <<< [apiv2][body] GET https://www.gstatic.com/firebasejs/releases.json {"current":{"version":"9.13.0","browserURL":"https://www.gstatic.com/firebasejs/9.13.0/firebase.js","packageURL":"https://www.gstatic.com/firebasejs/9.13.0/firebase.tgz"},"live":{"version":"9.13","browserURL":"https://www.gstatic.com/firebasejs/live/9.13/firebase.js","packageURL":"https://www.gstatic.com/firebasejs/live/9.13/firebase.tgz"},"components":{"analytics":"https://www.gstatic.com/firebasejs/9.13.0/firebase-analytics.js","app":"https://www.gstatic.com/firebasejs/9.13.0/firebase-app.js","app-check":"https://www.gstatic.com/firebasejs/9.13.0/firebase-app-check.js","auth":"https://www.gstatic.com/firebasejs/9.13.0/firebase-auth.js","auth/cordova":"https://www.gstatic.com/firebasejs/9.13.0/firebase-auth/cordova.js","auth/react-native":"https://www.gstatic.com/firebasejs/9.13.0/firebase-auth/react-native.js","functions":"https://www.gstatic.com/firebasejs/9.13.0/firebase-functions.js","firestore":"https://www.gstatic.com/firebasejs/9.13.0/firebase-firestore.js","firestore/lite":"https://www.gstatic.com/firebasejs/9.13.0/firebase-firestore/lite.js","installations":"https://www.gstatic.com/firebasejs/9.13.0/firebase-installations.js","storage":"https://www.gstatic.com/firebasejs/9.13.0/firebase-storage.js","performance":"https://www.gstatic.com/firebasejs/9.13.0/firebase-performance.js","remote-config":"https://www.gstatic.com/firebasejs/9.13.0/firebase-remote-config.js","messaging":"https://www.gstatic.com/firebasejs/9.13.0/firebase-messaging.js","messaging/sw":"https://www.gstatic.com/firebasejs/9.13.0/firebase-messaging/sw.js","database":"https://www.gstatic.com/firebasejs/9.13.0/firebase-database.js","firestore.memory":"https://www.gstatic.com/firebasejs/9.13.0/firebase-firestore.memory.js"}}
[info] i  Skipping write of public/index.html 
[info] 
[info] i  Didn't detect a .git folder. Assuming D:\Documents\Web\themeforest-IuA9isIo-wedding-invitation-couple-event-and-celebration-html-template\New folder\Abanoub & Kermina Website is the project root. 
[info] i  Authorizing with GitHub to upload your service account to a GitHub repository's secrets store. 
[info] 
[info] Visit this URL on this device to log in:
[info] https://github.com/login/oauth/authorize?client_id=89cf50f02ac6aaed3484&state=276362101&redirect_uri=http%3A%2F%2Flocalhost%3A9005&scope=read%3Auser%20repo%20public_repo
[info] 
[info] Waiting for authentication...
[debug] [2022-11-02T21:24:54.845Z] >>> [apiv2][query] POST https://github.com/login/oauth/access_token [none]
[debug] [2022-11-02T21:24:54.845Z] >>> [apiv2][body] POST https://github.com/login/oauth/access_token [stream]
[debug] [2022-11-02T21:24:55.180Z] <<< [apiv2][status] POST https://github.com/login/oauth/access_token 200
[debug] [2022-11-02T21:24:55.180Z] <<< [apiv2][body] POST https://github.com/login/oauth/access_token {"access_token":"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","token_type":"bearer","scope":"read:user,repo"}
[debug] [2022-11-02T21:24:55.189Z] >>> [apiv2][query] GET https://api.github.com/user [none]
[debug] [2022-11-02T21:24:55.558Z] <<< [apiv2][status] GET https://api.github.com/user 200
[debug] [2022-11-02T21:24:55.558Z] <<< [apiv2][body] GET https://api.github.com/user {"login":"Abanoub2016","id":45812306,"node_id":"MDQ6VXNlcjQ1ODEyMzA2","avatar_url":"https://avatars.githubusercontent.com/u/45812306?v=4","gravatar_id":"","url":"https://api.github.com/users/Abanoub2016","html_url":"https://github.com/Abanoub2016","followers_url":"https://api.github.com/users/Abanoub2016/followers","following_url":"https://api.github.com/users/Abanoub2016/following{/other_user}","gists_url":"https://api.github.com/users/Abanoub2016/gists{/gist_id}","starred_url":"https://api.github.com/users/Abanoub2016/starred{/owner}{/repo}","subscriptions_url":"https://api.github.com/users/Abanoub2016/subscriptions","organizations_url":"https://api.github.com/users/Abanoub2016/orgs","repos_url":"https://api.github.com/users/Abanoub2016/repos","events_url":"https://api.github.com/users/Abanoub2016/events{/privacy}","received_events_url":"https://api.github.com/users/Abanoub2016/received_events","type":"User","site_admin":false,"name":null,"company":null,"blog":"","location":null,"email":null,"hireable":null,"bio":null,"twitter_username":null,"public_repos":2,"public_gists":0,"followers":0,"following":0,"created_at":"2018-12-12T06:48:57Z","updated_at":"2021-03-11T04:28:05Z","private_gists":0,"total_private_repos":0,"owned_private_repos":0,"disk_usage":0,"collaborators":0,"two_factor_authentication":false,"plan":{"name":"free","space":976562499,"collaborators":0,"private_repos":10000}}
[info] 
[info] +  Success! Logged into GitHub as Abanoub2016 
[info] 
[debug] [2022-11-02T21:25:21.017Z] >>> [apiv2][query] GET https://api.github.com/repos/Kermina Abanoub/actions/secrets/public-key type=owner
[debug] [2022-11-02T21:25:21.295Z] <<< [apiv2][status] GET https://api.github.com/repos/Kermina Abanoub/actions/secrets/public-key 404
[debug] [2022-11-02T21:25:21.296Z] <<< [apiv2][body] GET https://api.github.com/repos/Kermina Abanoub/actions/secrets/public-key {"message":"Not Found","documentation_url":"https://docs.github.com/rest"}
[debug] [2022-11-02T21:25:21.913Z] >>> [apiv2][query] GET https://api.github.com/repos/Kermina Abanoub/actions/secrets/public-key type=owner
[debug] [2022-11-02T21:25:22.075Z] <<< [apiv2][status] GET https://api.github.com/repos/Kermina Abanoub/actions/secrets/public-key 404
[debug] [2022-11-02T21:25:22.075Z] <<< [apiv2][body] GET https://api.github.com/repos/Kermina Abanoub/actions/secrets/public-key {"message":"Not Found","documentation_url":"https://docs.github.com/rest"}
[debug] [2022-11-02T21:25:26.688Z] >>> [apiv2][query] GET https://api.github.com/repos/Kermina_Abanoub/actions/secrets/public-key type=owner
[debug] [2022-11-02T21:25:26.854Z] <<< [apiv2][status] GET https://api.github.com/repos/Kermina_Abanoub/actions/secrets/public-key 404
[debug] [2022-11-02T21:25:26.854Z] <<< [apiv2][body] GET https://api.github.com/repos/Kermina_Abanoub/actions/secrets/public-key {"message":"Not Found","documentation_url":"https://docs.github.com/rest"}
[debug] [2022-11-02T21:25:27.781Z] >>> [apiv2][query] GET https://api.github.com/repos/Kermina_Abanoub/actions/secrets/public-key type=owner
[debug] [2022-11-02T21:25:27.957Z] <<< [apiv2][status] GET https://api.github.com/repos/Kermina_Abanoub/actions/secrets/public-key 404
[debug] [2022-11-02T21:25:27.957Z] <<< [apiv2][body] GET https://api.github.com/repos/Kermina_Abanoub/actions/secrets/public-key {"message":"Not Found","documentation_url":"https://docs.github.com/rest"}
[debug] [2022-11-02T21:37:51.200Z] >>> [apiv2][query] GET https://api.github.com/repos/https://www.abanoubkermina.com//actions/secrets/public-key type=owner
[debug] [2022-11-02T21:37:51.516Z] <<< [apiv2][status] GET https://api.github.com/repos/https://www.abanoubkermina.com//actions/secrets/public-key 404
[debug] [2022-11-02T21:37:51.516Z] <<< [apiv2][body] GET https://api.github.com/repos/https://www.abanoubkermina.com//actions/secrets/public-key {"message":"Not Found","documentation_url":"https://docs.github.com/rest"}
[debug] [2022-11-02T21:37:51.988Z] >>> [apiv2][query] GET https://api.github.com/repos/https://www.abanoubkermina.com//actions/secrets/public-key type=owner
[debug] [2022-11-02T21:37:52.174Z] <<< [apiv2][status] GET https://api.github.com/repos/https://www.abanoubkermina.com//actions/secrets/public-key 404
[debug] [2022-11-02T21:37:52.174Z] <<< [apiv2][body] GET https://api.github.com/repos/https://www.abanoubkermina.com//actions/secrets/public-key {"message":"Not Found","documentation_url":"https://docs.github.com/rest"}
[debug] [2022-11-02T21:37:53.012Z] >>> [apiv2][query] GET https://api.github.com/repos/https://www.abanoubkermina.com/actions/secrets/public-key type=owner
[debug] [2022-11-02T21:37:53.172Z] >>> [apiv2][query] GET https://api.github.com/repos//actions/secrets/public-key type=owner
[debug] [2022-11-02T21:37:53.178Z] <<< [apiv2][status] GET https://api.github.com/repos/https://www.abanoubkermina.com/actions/secrets/public-key 404
[debug] [2022-11-02T21:37:53.178Z] <<< [apiv2][body] GET https://api.github.com/repos/https://www.abanoubkermina.com/actions/secrets/public-key {"message":"Not Found","documentation_url":"https://docs.github.com/rest"}
[debug] [2022-11-02T21:37:53.348Z] >>> [apiv2][query] GET https://api.github.com/repos/https://www.abanoubkermina.com/actions/secrets/public-key type=owner
[debug] [2022-11-02T21:37:53.472Z] <<< [apiv2][status] GET https://api.github.com/repos//actions/secrets/public-key 404
[debug] [2022-11-02T21:37:53.472Z] <<< [apiv2][body] GET https://api.github.com/repos//actions/secrets/public-key {"message":"Not Found","documentation_url":"https://docs.github.com/rest"}
[debug] [2022-11-02T21:37:53.508Z] <<< [apiv2][status] GET https://api.github.com/repos/https://www.abanoubkermina.com/actions/secrets/public-key 404
[debug] [2022-11-02T21:37:53.508Z] <<< [apiv2][body] GET https://api.github.com/repos/https://www.abanoubkermina.com/actions/secrets/public-key {"message":"Not Found","documentation_url":"https://docs.github.com/rest"}
[debug] [2022-11-02T21:38:27.708Z] >>> [apiv2][query] GET https://api.github.com/repos/(master)/actions/secrets/public-key type=owner
[debug] [2022-11-02T21:38:27.975Z] <<< [apiv2][status] GET https://api.github.com/repos/(master)/actions/secrets/public-key 404
[debug] [2022-11-02T21:38:27.975Z] <<< [apiv2][body] GET https://api.github.com/repos/(master)/actions/secrets/public-key {"message":"Not Found","documentation_url":"https://docs.github.com/rest"}
[debug] [2022-11-02T21:38:28.360Z] >>> [apiv2][query] GET https://api.github.com/repos/(master)/actions/secrets/public-key type=owner
[debug] [2022-11-02T21:38:28.526Z] <<< [apiv2][status] GET https://api.github.com/repos/(master)/actions/secrets/public-key 404
[debug] [2022-11-02T21:38:28.526Z] <<< [apiv2][body] GET https://api.github.com/repos/(master)/actions/secrets/public-key {"message":"Not Found","documentation_url":"https://docs.github.com/rest"}
[debug] [2022-11-02T21:38:28.592Z] >>> [apiv2][query] GET https://api.github.com/repos/(master)/actions/secrets/public-key type=owner
[debug] [2022-11-02T21:38:28.756Z] <<< [apiv2][status] GET https://api.github.com/repos/(master)/actions/secrets/public-key 404
[debug] [2022-11-02T21:38:28.756Z] <<< [apiv2][body] GET https://api.github.com/repos/(master)/actions/secrets/public-key {"message":"Not Found","documentation_url":"https://docs.github.com/rest"}
[debug] [2022-11-02T21:38:30.351Z] >>> [apiv2][query] GET https://api.github.com/repos/(master/actions/secrets/public-key type=owner
[debug] [2022-11-02T21:38:30.540Z] <<< [apiv2][status] GET https://api.github.com/repos/(master/actions/secrets/public-key 404
[debug] [2022-11-02T21:38:30.540Z] <<< [apiv2][body] GET https://api.github.com/repos/(master/actions/secrets/public-key {"message":"Not Found","documentation_url":"https://docs.github.com/rest"}
[debug] [2022-11-02T21:38:33.779Z] >>> [apiv2][query] GET https://api.github.com/repos/(master)/actions/secrets/public-key type=owner
[debug] [2022-11-02T21:38:33.936Z] <<< [apiv2][status] GET https://api.github.com/repos/(master)/actions/secrets/public-key 404
[debug] [2022-11-02T21:38:33.936Z] <<< [apiv2][body] GET https://api.github.com/repos/(master)/actions/secrets/public-key {"message":"Not Found","documentation_url":"https://docs.github.com/rest"}
[debug] [2022-11-02T21:38:42.195Z] >>> [apiv2][query] GET https://api.github.com/repos/abanoub/actions/secrets/public-key type=owner
[debug] [2022-11-02T21:38:42.480Z] <<< [apiv2][status] GET https://api.github.com/repos/abanoub/actions/secrets/public-key 404
[debug] [2022-11-02T21:38:42.480Z] <<< [apiv2][body] GET https://api.github.com/repos/abanoub/actions/secrets/public-key {"message":"Not Found","documentation_url":"https://docs.github.com/rest"}
[debug] [2022-11-02T21:39:21.329Z] >>> [apiv2][query] GET https://api.github.com/repos/D:\Documents\Web\themeforest-IuA9isIo-wedding-invitation-couple-event-and-celebration-html-template\New folder\Abanoub & Kermina Website/actions/secrets/public-key type=owner
[debug] [2022-11-02T21:39:21.626Z] <<< [apiv2][status] GET https://api.github.com/repos/D:\Documents\Web\themeforest-IuA9isIo-wedding-invitation-couple-event-and-celebration-html-template\New folder\Abanoub & Kermina Website/actions/secrets/public-key 404
[debug] [2022-11-02T21:39:21.626Z] <<< [apiv2][body] GET https://api.github.com/repos/D:\Documents\Web\themeforest-IuA9isIo-wedding-invitation-couple-event-and-celebration-html-template\New folder\Abanoub & Kermina Website/actions/secrets/public-key {"message":"Not Found","documentation_url":"https://docs.github.com/rest"}
[debug] [2022-11-02T21:39:22.137Z] >>> [apiv2][query] GET https://api.github.com/repos/D:\Documents\Web\themeforest-IuA9isIo-wedding-invitation-couple-event-and-celebration-html-template\New folder\Abanoub & Kermina Website/actions/secrets/public-key type=owner
[debug] [2022-11-02T21:39:22.305Z] <<< [apiv2][status] GET https://api.github.com/repos/D:\Documents\Web\themeforest-IuA9isIo-wedding-invitation-couple-event-and-celebration-html-template\New folder\Abanoub & Kermina Website/actions/secrets/public-key 404
[debug] [2022-11-02T21:39:22.306Z] <<< [apiv2][body] GET https://api.github.com/repos/D:\Documents\Web\themeforest-IuA9isIo-wedding-invitation-couple-event-and-celebration-html-template\New folder\Abanoub & Kermina Website/actions/secrets/public-key {"message":"Not Found","documentation_url":"https://docs.github.com/rest"}
[debug] [2022-11-02T21:39:22.388Z] >>> [apiv2][query] GET https://api.github.com/repos/D:\Documents\Web\themeforest-IuA9isIo-wedding-invitation-couple-event-and-celebration-html-template\New folder\Abanoub & Kermina Website/actions/secrets/public-key type=owner
[debug] [2022-11-02T21:39:22.557Z] <<< [apiv2][status] GET https://api.github.com/repos/D:\Documents\Web\themeforest-IuA9isIo-wedding-invitation-couple-event-and-celebration-html-template\New folder\Abanoub & Kermina Website/actions/secrets/public-key 404
[debug] [2022-11-02T21:39:22.557Z] <<< [apiv2][body] GET https://api.github.com/repos/D:\Documents\Web\themeforest-IuA9isIo-wedding-invitation-couple-event-and-celebration-html-template\New folder\Abanoub & Kermina Website/actions/secrets/public-key {"message":"Not Found","documentation_url":"https://docs.github.com/rest"}
[debug] [2022-11-02T21:39:22.584Z] >>> [apiv2][query] GET https://api.github.com/repos/D:\Documents\Web\themeforest-IuA9isIo-wedding-invitation-couple-event-and-celebration-html-template\New folder\Abanoub & Kermina Website/actions/secrets/public-key type=owner
[debug] [2022-11-02T21:39:22.763Z] <<< [apiv2][status] GET https://api.github.com/repos/D:\Documents\Web\themeforest-IuA9isIo-wedding-invitation-couple-event-and-celebration-html-template\New folder\Abanoub & Kermina Website/actions/secrets/public-key 404
[debug] [2022-11-02T21:39:22.763Z] <<< [apiv2][body] GET https://api.github.com/repos/D:\Documents\Web\themeforest-IuA9isIo-wedding-invitation-couple-event-and-celebration-html-template\New folder\Abanoub & Kermina Website/actions/secrets/public-key {"message":"Not Found","documentation_url":"https://docs.github.com/rest"}
[debug] [2022-11-02T21:39:23.004Z] >>> [apiv2][query] GET https://api.github.com/repos/D:\Documents\Web\themeforest-IuA9isIo-wedding-invitation-couple-event-and-celebration-html-template\New folder\Abanoub & Kermina Website/actions/secrets/public-key type=owner
[debug] [2022-11-02T21:39:23.170Z] <<< [apiv2][status] GET https://api.github.com/repos/D:\Documents\Web\themeforest-IuA9isIo-wedding-invitation-couple-event-and-celebration-html-template\New folder\Abanoub & Kermina Website/actions/secrets/public-key 404
[debug] [2022-11-02T21:39:23.170Z] <<< [apiv2][body] GET https://api.github.com/repos/D:\Documents\Web\themeforest-IuA9isIo-wedding-invitation-couple-event-and-celebration-html-template\New folder\Abanoub & Kermina Website/actions/secrets/public-key {"message":"Not Found","documentation_url":"https://docs.github.com/rest"}
[debug] [2022-11-02T21:39:23.211Z] >>> [apiv2][query] GET https://api.github.com/repos/D:\Documents\Web\themeforest-IuA9isIo-wedding-invitation-couple-event-and-celebration-html-template\New folder\Abanoub & Kermina Website/actions/secrets/public-key type=owner
[debug] [2022-11-02T21:39:23.378Z] <<< [apiv2][status] GET https://api.github.com/repos/D:\Documents\Web\themeforest-IuA9isIo-wedding-invitation-couple-event-and-celebration-html-template\New folder\Abanoub & Kermina Website/actions/secrets/public-key 404
[debug] [2022-11-02T21:39:23.378Z] <<< [apiv2][body] GET https://api.github.com/repos/D:\Documents\Web\themeforest-IuA9isIo-wedding-invitation-couple-event-and-celebration-html-template\New folder\Abanoub & Kermina Website/actions/secrets/public-key {"message":"Not Found","documentation_url":"https://docs.github.com/rest"}
[debug] [2022-11-02T21:39:23.385Z] >>> [apiv2][query] GET https://api.github.com/repos/D:\Documents\Web\themeforest-IuA9isIo-wedding-invitation-couple-event-and-celebration-html-template\New folder\Abanoub & Kermina Website/actions/secrets/public-key type=owner
[debug] [2022-11-02T21:39:23.530Z] <<< [apiv2][status] GET https://api.github.com/repos/D:\Documents\Web\themeforest-IuA9isIo-wedding-invitation-couple-event-and-celebration-html-template\New folder\Abanoub & Kermina Website/actions/secrets/public-key 404
[debug] [2022-11-02T21:39:23.530Z] <<< [apiv2][body] GET https://api.github.com/repos/D:\Documents\Web\themeforest-IuA9isIo-wedding-invitation-couple-event-and-celebration-html-template\New folder\Abanoub & Kermina Website/actions/secrets/public-key {"message":"Not Found","documentation_url":"https://docs.github.com/rest"}
[debug] [2022-11-02T21:39:23.569Z] >>> [apiv2][query] GET https://api.github.com/repos/D:\Documents\Web\themeforest-IuA9isIo-wedding-invitation-couple-event-and-celebration-html-template\New folder\Abanoub & Kermina Website/actions/secrets/public-key type=owner
[debug] [2022-11-02T21:39:23.718Z] <<< [apiv2][status] GET https://api.github.com/repos/D:\Documents\Web\themeforest-IuA9isIo-wedding-invitation-couple-event-and-celebration-html-template\New folder\Abanoub & Kermina Website/actions/secrets/public-key 404
[debug] [2022-11-02T21:39:23.718Z] <<< [apiv2][body] GET https://api.github.com/repos/D:\Documents\Web\themeforest-IuA9isIo-wedding-invitation-couple-event-and-celebration-html-template\New folder\Abanoub & Kermina Website/actions/secrets/public-key {"message":"Not Found","documentation_url":"https://docs.github.com/rest"}
[debug] [2022-11-02T21:39:25.516Z] >>> [apiv2][query] GET https://api.github.com/repos/D:\Documents\Web\themeforest-IuA9isIo-wedding-invitation-couple-event-and-celebration-html-template\New folder\Abanoub & Kermina Website/actions/secrets/public-key type=owner
[debug] [2022-11-02T21:39:25.693Z] <<< [apiv2][status] GET https://api.github.com/repos/D:\Documents\Web\themeforest-IuA9isIo-wedding-invitation-couple-event-and-celebration-html-template\New folder\Abanoub & Kermina Website/actions/secrets/public-key 404
[debug] [2022-11-02T21:39:25.693Z] <<< [apiv2][body] GET https://api.github.com/repos/D:\Documents\Web\themeforest-IuA9isIo-wedding-invitation-couple-event-and-celebration-html-template\New folder\Abanoub & Kermina Website/actions/secrets/public-key {"message":"Not Found","documentation_url":"https://docs.github.com/rest"}
[debug] [2022-11-02T21:39:26.111Z] >>> [apiv2][query] GET https://api.github.com/repos/D:\Documents\Web\themeforest-IuA9isIo-wedding-invitation-couple-event-and-celebration-html-template\New folder\Abanoub & Kermina Website/actions/secrets/public-key type=owner
[debug] [2022-11-02T21:39:26.267Z] <<< [apiv2][status] GET https://api.github.com/repos/D:\Documents\Web\themeforest-IuA9isIo-wedding-invitation-couple-event-and-celebration-html-template\New folder\Abanoub & Kermina Website/actions/secrets/public-key 404
[debug] [2022-11-02T21:39:26.267Z] <<< [apiv2][body] GET https://api.github.com/repos/D:\Documents\Web\themeforest-IuA9isIo-wedding-invitation-couple-event-and-celebration-html-template\New folder\Abanoub & Kermina Website/actions/secrets/public-key {"message":"Not Found","documentation_url":"https://docs.github.com/rest"}
[debug] [2022-11-02T21:39:26.388Z] >>> [apiv2][query] GET https://api.github.com/repos/D:\Documents\Web\themeforest-IuA9isIo-wedding-invitation-couple-event-and-celebration-html-template\New folder\Abanoub & Kermina Website/actions/secrets/public-key type=owner
[debug] [2022-11-02T21:39:26.566Z] <<< [apiv2][status] GET https://api.github.com/repos/D:\Documents\Web\themeforest-IuA9isIo-wedding-invitation-couple-event-and-celebration-html-template\New folder\Abanoub & Kermina Website/actions/secrets/public-key 404
[debug] [2022-11-02T21:39:26.566Z] <<< [apiv2][body] GET https://api.github.com/repos/D:\Documents\Web\themeforest-IuA9isIo-wedding-invitation-couple-event-and-celebration-html-template\New folder\Abanoub & Kermina Website/actions/secrets/public-key {"message":"Not Found","documentation_url":"https://docs.github.com/rest"}
[debug] [2022-11-02T21:39:27.536Z] >>> [apiv2][query] GET https://api.github.com/repos/D:\Documents\Web\themeforest-IuA9isIo-wedding-invitation-couple-event-and-celebration-html-template\New folder\Abanoub & Kermina Website/actions/secrets/public-key type=owner
[debug] [2022-11-02T21:39:27.696Z] <<< [apiv2][status] GET https://api.github.com/repos/D:\Documents\Web\themeforest-IuA9isIo-wedding-invitation-couple-event-and-celebration-html-template\New folder\Abanoub & Kermina Website/actions/secrets/public-key 404
[debug] [2022-11-02T21:39:27.696Z] <<< [apiv2][body] GET https://api.github.com/repos/D:\Documents\Web\themeforest-IuA9isIo-wedding-invitation-couple-event-and-celebration-html-template\New folder\Abanoub & Kermina Website/actions/secrets/public-key {"message":"Not Found","documentation_url":"https://docs.github.com/rest"}
[debug] [2022-11-02T21:40:26.024Z] >>> [apiv2][query] GET https://api.github.com/repos/yes/actions/secrets/public-key type=owner
[debug] [2022-11-02T21:40:26.236Z] >>> [apiv2][query] GET https://api.github.com/repos//actions/secrets/public-key type=owner
[debug] [2022-11-02T21:40:26.303Z] <<< [apiv2][status] GET https://api.github.com/repos/yes/actions/secrets/public-key 404
[debug] [2022-11-02T21:40:26.303Z] <<< [apiv2][body] GET https://api.github.com/repos/yes/actions/secrets/public-key {"message":"Not Found","documentation_url":"https://docs.github.com/rest"}
[debug] [2022-11-02T21:40:26.432Z] >>> [apiv2][query] GET https://api.github.com/repos/yes/actions/secrets/public-key type=owner
[debug] [2022-11-02T21:40:26.491Z] <<< [apiv2][status] GET https://api.github.com/repos//actions/secrets/public-key 404
[debug] [2022-11-02T21:40:26.491Z] <<< [apiv2][body] GET https://api.github.com/repos//actions/secrets/public-key {"message":"Not Found","documentation_url":"https://docs.github.com/rest"}
[debug] [2022-11-02T21:40:26.580Z] >>> [apiv2][query] GET https://api.github.com/repos//actions/secrets/public-key type=owner
[debug] [2022-11-02T21:40:26.609Z] <<< [apiv2][status] GET https://api.github.com/repos/yes/actions/secrets/public-key 404
[debug] [2022-11-02T21:40:26.609Z] <<< [apiv2][body] GET https://api.github.com/repos/yes/actions/secrets/public-key {"message":"Not Found","documentation_url":"https://docs.github.com/rest"}
[debug] [2022-11-02T21:40:26.722Z] <<< [apiv2][status] GET https://api.github.com/repos//actions/secrets/public-key 404
[debug] [2022-11-02T21:40:26.722Z] <<< [apiv2][body] GET https://api.github.com/repos//actions/secrets/public-key {"message":"Not Found","documentation_url":"https://docs.github.com/rest"}
[debug] [2022-11-02T21:40:26.734Z] >>> [apiv2][query] GET https://api.github.com/repos/yes/actions/secrets/public-key type=owner
[debug] [2022-11-02T21:40:26.887Z] <<< [apiv2][status] GET https://api.github.com/repos/yes/actions/secrets/public-key 404
[debug] [2022-11-02T21:40:26.887Z] <<< [apiv2][body] GET https://api.github.com/repos/yes/actions/secrets/public-key {"message":"Not Found","documentation_url":"https://docs.github.com/rest"}
[debug] [2022-11-02T21:41:59.656Z] >>> [apiv2][query] GET https://api.github.com/repos/abanoub-and-kermina.web.app/actions/secrets/public-key type=owner
[debug] [2022-11-02T21:41:59.923Z] <<< [apiv2][status] GET https://api.github.com/repos/abanoub-and-kermina.web.app/actions/secrets/public-key 404
[debug] [2022-11-02T21:41:59.923Z] <<< [apiv2][body] GET https://api.github.com/repos/abanoub-and-kermina.web.app/actions/secrets/public-key {"message":"Not Found","documentation_url":"https://docs.github.com/rest"}
[debug] [2022-11-02T21:42:00.429Z] >>> [apiv2][query] GET https://api.github.com/repos/abanoub-and-kermina.web.app/actions/secrets/public-key type=owner
[debug] [2022-11-02T21:42:00.579Z] <<< [apiv2][status] GET https://api.github.com/repos/abanoub-and-kermina.web.app/actions/secrets/public-key 404
[debug] [2022-11-02T21:42:00.580Z] <<< [apiv2][body] GET https://api.github.com/repos/abanoub-and-kermina.web.app/actions/secrets/public-key {"message":"Not Found","documentation_url":"https://docs.github.com/rest"}
[debug] [2022-11-02T21:42:18.765Z] >>> [apiv2][query] GET https://api.github.com/repos/https://abanoub-and-kermina.web.app//actions/secrets/public-key type=owner
[debug] [2022-11-02T21:42:19.065Z] <<< [apiv2][status] GET https://api.github.com/repos/https://abanoub-and-kermina.web.app//actions/secrets/public-key 404
[debug] [2022-11-02T21:42:19.065Z] <<< [apiv2][body] GET https://api.github.com/repos/https://abanoub-and-kermina.web.app//actions/secrets/public-key {"message":"Not Found","documentation_url":"https://docs.github.com/rest"}
[debug] [2022-11-02T21:42:22.171Z] >>> [apiv2][query] GET https://api.github.com/repos/https://abanoub-and-kermina.web.app//actions/secrets/public-key type=owner
[debug] [2022-11-02T21:42:22.322Z] <<< [apiv2][status] GET https://api.github.com/repos/https://abanoub-and-kermina.web.app//actions/secrets/public-key 404
[debug] [2022-11-02T21:42:22.322Z] <<< [apiv2][body] GET https://api.github.com/repos/https://abanoub-and-kermina.web.app//actions/secrets/public-key {"message":"Not Found","documentation_url":"https://docs.github.com/rest"}
[debug] [2022-11-02T21:47:37.393Z] >>> [apiv2][query] GET https://api.github.com/repos/Abanoub & Kermina/actions/secrets/public-key type=owner
[debug] [2022-11-02T21:47:37.688Z] <<< [apiv2][status] GET https://api.github.com/repos/Abanoub & Kermina/actions/secrets/public-key 404
[debug] [2022-11-02T21:47:37.688Z] <<< [apiv2][body] GET https://api.github.com/repos/Abanoub & Kermina/actions/secrets/public-key {"message":"Not Found","documentation_url":"https://docs.github.com/rest"}
[debug] [2022-11-02T21:47:37.885Z] >>> [apiv2][query] GET https://api.github.com/repos/Abanoub & Kermina/actions/secrets/public-key type=owner
[debug] [2022-11-02T21:47:38.045Z] <<< [apiv2][status] GET https://api.github.com/repos/Abanoub & Kermina/actions/secrets/public-key 404
[debug] [2022-11-02T21:47:38.045Z] <<< [apiv2][body] GET https://api.github.com/repos/Abanoub & Kermina/actions/secrets/public-key {"message":"Not Found","documentation_url":"https://docs.github.com/rest"}
[debug] [2022-11-02T21:47:38.080Z] >>> [apiv2][query] GET https://api.github.com/repos/Abanoub & Kermina/actions/secrets/public-key type=owner
[debug] [2022-11-02T21:47:38.228Z] <<< [apiv2][status] GET https://api.github.com/repos/Abanoub & Kermina/actions/secrets/public-key 404
[debug] [2022-11-02T21:47:38.228Z] <<< [apiv2][body] GET https://api.github.com/repos/Abanoub & Kermina/actions/secrets/public-key {"message":"Not Found","documentation_url":"https://docs.github.com/rest"}
[debug] [2022-11-02T21:47:38.305Z] >>> [apiv2][query] GET https://api.github.com/repos/Abanoub & Kermina/actions/secrets/public-key type=owner
[debug] [2022-11-02T21:47:38.482Z] <<< [apiv2][status] GET https://api.github.com/repos/Abanoub & Kermina/actions/secrets/public-key 404
[debug] [2022-11-02T21:47:38.483Z] <<< [apiv2][body] GET https://api.github.com/repos/Abanoub & Kermina/actions/secrets/public-key {"message":"Not Found","documentation_url":"https://docs.github.com/rest"}
[debug] [2022-11-02T21:47:44.861Z] >>> [apiv2][query] GET https://api.github.com/repos/abanoub2016/actions/secrets/public-key type=owner
[debug] [2022-11-02T21:47:45.122Z] <<< [apiv2][status] GET https://api.github.com/repos/abanoub2016/actions/secrets/public-key 404
[debug] [2022-11-02T21:47:45.122Z] <<< [apiv2][body] GET https://api.github.com/repos/abanoub2016/actions/secrets/public-key {"message":"Not Found","documentation_url":"https://docs.github.com/rest"}
[debug] [2022-11-02T23:08:31.030Z] >>> [apiv2][query] GET https://api.github.com/repos/cmdkey /list | Select-String -Pattern "LegacyGeneric:target=(vscode.+)" | ForEach-Object { cmdkey.exe /delete $_.Matches.Groups[1].Value }/actions/secrets/public-key type=owner
[debug] [2022-11-02T23:08:31.324Z] <<< [apiv2][status] GET https://api.github.com/repos/cmdkey /list | Select-String -Pattern "LegacyGeneric:target=(vscode.+)" | ForEach-Object { cmdkey.exe /delete $_.Matches.Groups[1].Value }/actions/secrets/public-key 404
[debug] [2022-11-02T23:08:31.324Z] <<< [apiv2][body] GET https://api.github.com/repos/cmdkey /list | Select-String -Pattern "LegacyGeneric:target=(vscode.+)" | ForEach-Object { cmdkey.exe /delete $_.Matches.Groups[1].Value }/actions/secrets/public-key {"message":"Not Found","documentation_url":"https://docs.github.com/rest"}
[debug] [2022-11-02T23:08:31.361Z] >>> [apiv2][query] GET https://api.github.com/repos/cmdkey /list | Select-String -Pattern "LegacyGeneric:target=(vscode.+)" | ForEach-Object { cmdkey.exe /delete $_.Matches.Groups[1].Value }/actions/secrets/public-key type=owner
[debug] [2022-11-02T23:08:31.516Z] <<< [apiv2][status] GET https://api.github.com/repos/cmdkey /list | Select-String -Pattern "LegacyGeneric:target=(vscode.+)" | ForEach-Object { cmdkey.exe /delete $_.Matches.Groups[1].Value }/actions/secrets/public-key 404
[debug] [2022-11-02T23:08:31.516Z] <<< [apiv2][body] GET https://api.github.com/repos/cmdkey /list | Select-String -Pattern "LegacyGeneric:target=(vscode.+)" | ForEach-Object { cmdkey.exe /delete $_.Matches.Groups[1].Value }/actions/secrets/public-key {"message":"Not Found","documentation_url":"https://docs.github.com/rest"}
